[2024-03-05 10:57:43.874][D][Logger.py(Init):19] Logger Init function called !!!
[2024-03-05 10:57:43.874][D][Logger.py(clean_up_logs):91] clean_up_logs
[2024-03-05 10:57:43.874][D][Logger.py(<module>):100] d:\Python\SkillUp\BlockCoding_UI\Logger\Logger.py
[2024-03-05 10:57:53.279][I][node.py(Node_handleCoordinates):120] Received coordinates: (100.0, 100.0, delay: 3.0)
[2024-03-05 10:57:53.279][I][node.py(Node_handleCoordinates):128] Received coordinates: (100.0, 100.0, delay: 3.0)
[2024-03-05 10:57:55.602][I][node.py(Node_handleCoordinates):120] Received coordinates: (200.0, 200.0, delay: 3.0)
[2024-03-05 10:57:55.602][I][node.py(Node_handleCoordinates):128] Received coordinates: (200.0, 200.0, delay: 3.0)
[2024-03-05 10:57:56.851][D][GUI.py(executeNodes):193] self.nodes: [<node.Node object at 0x000001DCA39CC280>, <node.Node object at 0x000001DCA39CC5E0>]
[2024-03-05 10:57:56.852][I][GUI.py(executeNodes):197] 노드 실행중
[2024-03-05 10:57:56.852][D][GUI.py(executeNodes):200] sorted_nodes: [<node.Node object at 0x000001DCA39CC280>, <node.Node object at 0x000001DCA39CC5E0>]
[2024-03-05 10:57:56.852][I][GUI.py(executeNodes):212] Node Click Node 1: delay = 3.0, x = 100.0, y = 100.0
[2024-03-05 10:58:00.066][I][GUI.py(executeNodes):215] Executing Click node: Click Node 1
[2024-03-05 10:58:00.067][I][GUI.py(executeNodes):212] Node Click Node 2: delay = 3.0, x = 200.0, y = 200.0
[2024-03-05 10:58:03.270][I][GUI.py(executeNodes):215] Executing Click node: Click Node 2
[2024-03-05 10:58:03.272][D][GUI.py(executeNodes):236] 노드 실행 완료
[2024-03-05 10:58:10.765][D][GUI.py(executeNodes):193] self.nodes: [<node.Node object at 0x000001DCA39CC280>, <node.Node object at 0x000001DCA39CC5E0>]
[2024-03-05 10:58:10.766][I][GUI.py(executeNodes):197] 노드 실행중
[2024-03-05 10:58:10.766][D][GUI.py(executeNodes):200] sorted_nodes: [<node.Node object at 0x000001DCA39CC280>, <node.Node object at 0x000001DCA39CC5E0>]
[2024-03-05 10:58:10.766][I][GUI.py(executeNodes):212] Node Click Node 1: delay = 3.0, x = 100.0, y = 100.0
[2024-03-05 10:58:13.983][I][GUI.py(executeNodes):215] Executing Click node: Click Node 1
[2024-03-05 10:58:13.983][I][GUI.py(executeNodes):212] Node Click Node 2: delay = 3.0, x = 200.0, y = 200.0
[2024-03-05 10:58:17.202][I][GUI.py(executeNodes):215] Executing Click node: Click Node 2
[2024-03-05 10:58:17.203][D][GUI.py(executeNodes):236] 노드 실행 완료
