[2024-03-05 11:05:57.860][D][Logger.py(Init):19] Logger Init function called !!!
[2024-03-05 11:05:57.860][D][Logger.py(clean_up_logs):91] clean_up_logs
[2024-03-05 11:05:57.860][D][Logger.py(<module>):100] d:\Python\SkillUp\BlockCoding_UI\Logger\Logger.py
[2024-03-05 11:05:58.243][D][GUI.py(executeNodes):198] self.nodes: []
[2024-03-05 11:05:58.243][I][GUI.py(executeNodes):202] 노드 실행중
[2024-03-05 11:05:58.243][D][GUI.py(executeNodes):205] sorted_nodes: []
[2024-03-05 11:05:58.243][D][GUI.py(executeNodes):241] 노드 실행 완료
[2024-03-05 11:06:01.805][I][node.py(Node_handleCoordinates):120] Received coordinates: (100.0, 100.0, delay: 3.0)
[2024-03-05 11:06:01.806][I][node.py(Node_handleCoordinates):128] Received coordinates: (100.0, 100.0, delay: 3.0)
[2024-03-05 11:06:03.936][D][GUI.py(run):28] 스레드 런
[2024-03-05 11:06:03.937][D][GUI.py(executeNodes):198] self.nodes: [<node.Node object at 0x0000022927F8C280>]
[2024-03-05 11:06:03.937][I][GUI.py(executeNodes):202] 노드 실행중
[2024-03-05 11:06:03.938][D][GUI.py(executeNodes):205] sorted_nodes: [<node.Node object at 0x0000022927F8C280>]
[2024-03-05 11:06:03.938][I][GUI.py(executeNodes):217] Node Click Node 1: delay = 3.0, x = 100.0, y = 100.0
[2024-03-05 11:06:10.290][I][node.py(Node_handleCoordinates):120] Received coordinates: (200.0, 200.0, delay: 3.0)
[2024-03-05 11:06:10.290][I][node.py(Node_handleCoordinates):128] Received coordinates: (200.0, 200.0, delay: 3.0)
[2024-03-05 11:06:11.845][D][GUI.py(run):28] 스레드 런
[2024-03-05 11:06:11.846][D][GUI.py(executeNodes):198] self.nodes: [<node.Node object at 0x0000022927F8C280>, <node.Node object at 0x0000022927E57250>]
[2024-03-05 11:06:11.846][I][GUI.py(executeNodes):202] 노드 실행중
[2024-03-05 11:06:11.847][D][GUI.py(executeNodes):205] sorted_nodes: [<node.Node object at 0x0000022927F8C280>, <node.Node object at 0x0000022927E57250>]
[2024-03-05 11:06:11.847][I][GUI.py(executeNodes):217] Node Click Node 1: delay = 3.0, x = 100.0, y = 100.0
[2024-03-05 11:06:15.063][I][GUI.py(executeNodes):220] Executing Click node: Click Node 1
[2024-03-05 11:06:15.063][I][GUI.py(executeNodes):217] Node Click Node 2: delay = 3.0, x = 200.0, y = 200.0
[2024-03-05 11:06:18.268][I][GUI.py(executeNodes):220] Executing Click node: Click Node 2
[2024-03-05 11:06:18.268][D][GUI.py(executeNodes):241] 노드 실행 완료
[2024-03-05 11:06:18.268][D][GUI.py(run):30] 스레드 종료
[2024-03-05 11:06:19.580][D][GUI.py(run):28] 스레드 런
[2024-03-05 11:06:19.581][D][GUI.py(executeNodes):198] self.nodes: [<node.Node object at 0x0000022927F8C280>, <node.Node object at 0x0000022927E57250>]
[2024-03-05 11:06:19.582][I][GUI.py(executeNodes):202] 노드 실행중
[2024-03-05 11:06:19.582][D][GUI.py(executeNodes):205] sorted_nodes: [<node.Node object at 0x0000022927F8C280>, <node.Node object at 0x0000022927E57250>]
[2024-03-05 11:06:19.582][I][GUI.py(executeNodes):217] Node Click Node 1: delay = 3.0, x = 100.0, y = 100.0
