[2024-03-05 11:08:00.282][D][Logger.py(Init):19] Logger Init function called !!!
[2024-03-05 11:08:00.282][D][Logger.py(clean_up_logs):91] clean_up_logs
[2024-03-05 11:08:00.282][D][Logger.py(<module>):100] d:\Python\SkillUp\BlockCoding_UI\Logger\Logger.py
[2024-03-05 11:08:00.619][D][GUI.py(executeNodes):185] self.nodes: []
[2024-03-05 11:08:00.619][I][GUI.py(executeNodes):189] 노드 실행중
[2024-03-05 11:08:00.619][D][GUI.py(executeNodes):192] sorted_nodes: []
[2024-03-05 11:08:00.620][D][GUI.py(executeNodes):228] 노드 실행 완료
[2024-03-05 11:08:04.118][I][node.py(Node_handleCoordinates):120] Received coordinates: (100.0, 100.0, delay: 3.0)
[2024-03-05 11:08:04.118][I][node.py(Node_handleCoordinates):128] Received coordinates: (100.0, 100.0, delay: 3.0)
[2024-03-05 11:08:05.589][D][Worker.py(run):13] 스레드 런
[2024-03-05 11:08:05.589][D][GUI.py(executeNodes):185] self.nodes: [<node.Node object at 0x000001BB048CC280>]
[2024-03-05 11:08:05.590][I][GUI.py(executeNodes):189] 노드 실행중
[2024-03-05 11:08:05.590][D][GUI.py(executeNodes):192] sorted_nodes: [<node.Node object at 0x000001BB048CC280>]
[2024-03-05 11:08:05.591][I][GUI.py(executeNodes):204] Node Click Node 1: delay = 3.0, x = 100.0, y = 100.0
[2024-03-05 11:08:09.712][I][node.py(Node_handleCoordinates):120] Received coordinates: (200.0, 200.0, delay: 3.0)
[2024-03-05 11:08:09.712][I][node.py(Node_handleCoordinates):128] Received coordinates: (200.0, 200.0, delay: 3.0)
[2024-03-05 11:08:11.128][D][Worker.py(run):13] 스레드 런
[2024-03-05 11:08:11.128][D][GUI.py(executeNodes):185] self.nodes: [<node.Node object at 0x000001BB048CC280>, <node.Node object at 0x000001BB7FF97250>]
[2024-03-05 11:08:11.129][I][GUI.py(executeNodes):189] 노드 실행중
[2024-03-05 11:08:11.129][D][GUI.py(executeNodes):192] sorted_nodes: [<node.Node object at 0x000001BB048CC280>, <node.Node object at 0x000001BB7FF97250>]
[2024-03-05 11:08:11.129][I][GUI.py(executeNodes):204] Node Click Node 1: delay = 3.0, x = 100.0, y = 100.0
[2024-03-05 11:08:14.338][I][GUI.py(executeNodes):207] Executing Click node: Click Node 1
[2024-03-05 11:08:14.338][I][GUI.py(executeNodes):204] Node Click Node 2: delay = 3.0, x = 200.0, y = 200.0
[2024-03-05 11:08:17.544][I][GUI.py(executeNodes):207] Executing Click node: Click Node 2
[2024-03-05 11:08:17.544][D][GUI.py(executeNodes):228] 노드 실행 완료
[2024-03-05 11:08:17.544][D][Worker.py(run):15] 스레드 종료
[2024-03-05 11:08:19.437][D][Worker.py(run):13] 스레드 런
[2024-03-05 11:08:19.438][D][GUI.py(executeNodes):185] self.nodes: [<node.Node object at 0x000001BB048CC820>, <node.Node object at 0x000001BB048CCA60>]
[2024-03-05 11:08:19.438][I][GUI.py(executeNodes):189] 노드 실행중
[2024-03-05 11:08:19.438][D][GUI.py(executeNodes):192] sorted_nodes: [<node.Node object at 0x000001BB048CC820>, <node.Node object at 0x000001BB048CCA60>]
[2024-03-05 11:08:19.439][I][GUI.py(executeNodes):204] Node Click Node 1: delay = None, x = -340.25, y = -248.25
[2024-03-05 11:08:19.439][D][GUI.py(executeNodes):228] 노드 실행 완료
[2024-03-05 11:08:19.440][D][Worker.py(run):15] 스레드 종료
