[2024-03-05 11:24:00.077][D][Logger.py(Init):19] Logger Init function called !!!
[2024-03-05 11:24:00.078][D][Logger.py(clean_up_logs):91] clean_up_logs
[2024-03-05 11:24:00.078][D][Logger.py(<module>):100] d:\Python\SkillUp\BlockCoding_UI\Logger\Logger.py
[2024-03-05 11:24:00.367][D][GUI.py(executeNodes):185] self.nodes: []
[2024-03-05 11:24:00.367][I][GUI.py(executeNodes):189] 노드 실행중
[2024-03-05 11:24:00.367][D][GUI.py(executeNodes):192] sorted_nodes: []
[2024-03-05 11:24:00.367][D][GUI.py(executeNodes):228] 노드 실행 완료
[2024-03-05 11:24:02.301][I][GUI.py(AddScrollNode):154] Button 2 clicked
[2024-03-05 11:24:05.264][I][node.py(Node_handleCoordinates):120] Received coordinates: (100.0, 100.0, delay: 3.0)
[2024-03-05 11:24:05.279][I][node.py(Node_handleCoordinates):128] Received coordinates: (100.0, 100.0, delay: 3.0)
[2024-03-05 11:24:07.885][D][Worker.py(run):13] 스레드 런
[2024-03-05 11:24:07.886][D][GUI.py(executeNodes):185] self.nodes: [<node.Node object at 0x0000020D3867C310>]
[2024-03-05 11:24:07.886][I][GUI.py(executeNodes):189] 노드 실행중
[2024-03-05 11:24:07.886][D][GUI.py(executeNodes):192] sorted_nodes: [<node.Node object at 0x0000020D3867C310>]
[2024-03-05 11:24:07.887][I][GUI.py(executeNodes):204] Node Scroll Node 1: delay = 3.0, x = 100.0, y = 100.0
[2024-03-05 11:24:07.887][D][GUI.py(executeNodes):228] 노드 실행 완료
[2024-03-05 11:24:07.888][D][Worker.py(run):15] 스레드 종료
[2024-03-05 11:24:10.873][D][Worker.py(run):13] 스레드 런
[2024-03-05 11:24:10.874][D][GUI.py(executeNodes):185] self.nodes: [<node.Node object at 0x0000020D3867C310>]
[2024-03-05 11:24:10.874][I][GUI.py(executeNodes):189] 노드 실행중
[2024-03-05 11:24:10.874][D][GUI.py(executeNodes):192] sorted_nodes: [<node.Node object at 0x0000020D3867C310>]
[2024-03-05 11:24:10.874][I][GUI.py(executeNodes):204] Node Scroll Node 1: delay = 3.0, x = 100.0, y = 100.0
[2024-03-05 11:24:10.875][D][GUI.py(executeNodes):228] 노드 실행 완료
[2024-03-05 11:24:10.875][D][Worker.py(run):15] 스레드 종료
