[2024-03-05 11:21:46.100][D][Logger.py(Init):19] Logger Init function called !!!
[2024-03-05 11:21:46.100][D][Logger.py(clean_up_logs):91] clean_up_logs
[2024-03-05 11:21:46.100][D][Logger.py(<module>):100] d:\Python\SkillUp\BlockCoding_UI\Logger\Logger.py
[2024-03-05 11:21:46.349][D][GUI.py(executeNodes):185] self.nodes: []
[2024-03-05 11:21:46.349][I][GUI.py(executeNodes):189] 노드 실행중
[2024-03-05 11:21:46.349][D][GUI.py(executeNodes):192] sorted_nodes: []
[2024-03-05 11:21:46.349][D][GUI.py(executeNodes):228] 노드 실행 완료
[2024-03-05 11:21:52.630][I][node.py(Node_handleCoordinates):120] Received coordinates: (100.0, 100.0, delay: 3.0)
[2024-03-05 11:21:52.631][I][node.py(Node_handleCoordinates):128] Received coordinates: (100.0, 100.0, delay: 3.0)
[2024-03-05 11:21:56.561][I][node.py(Node_handleCoordinates):120] Received coordinates: (200.0, 200.0, delay: 3.0)
[2024-03-05 11:21:56.561][I][node.py(Node_handleCoordinates):128] Received coordinates: (200.0, 200.0, delay: 3.0)
[2024-03-05 11:22:06.061][I][node.py(Node_handleCoordinates):120] Received coordinates: (100.0, 100.0, delay: 3.0)
[2024-03-05 11:22:06.061][I][node.py(Node_handleCoordinates):128] Received coordinates: (100.0, 100.0, delay: 3.0)
[2024-03-05 11:22:08.858][I][node.py(Node_handleCoordinates):120] Received coordinates: (200.0, 200.0, delay: 3.0)
[2024-03-05 11:22:08.858][I][node.py(Node_handleCoordinates):128] Received coordinates: (200.0, 200.0, delay: 3.0)
[2024-03-05 11:22:10.022][D][Worker.py(run):13] 스레드 런
[2024-03-05 11:22:10.023][D][GUI.py(executeNodes):185] self.nodes: [<node.Node object at 0x00000182C888C310>, <node.Node object at 0x00000182C888C700>]
[2024-03-05 11:22:10.023][I][GUI.py(executeNodes):189] 노드 실행중
[2024-03-05 11:22:10.024][D][GUI.py(executeNodes):192] sorted_nodes: [<node.Node object at 0x00000182C888C310>, <node.Node object at 0x00000182C888C700>]
[2024-03-05 11:22:10.024][I][GUI.py(executeNodes):204] Node Click Node 1: delay = 3.0, x = 100.0, y = 100.0
[2024-03-05 11:22:13.240][I][GUI.py(executeNodes):207] Executing Click node: Click Node 1
[2024-03-05 11:22:13.240][I][GUI.py(executeNodes):204] Node Click Node 2: delay = 3.0, x = 200.0, y = 200.0
[2024-03-05 11:22:17.742][D][Worker.py(run):13] 스레드 런
[2024-03-05 11:22:17.742][D][GUI.py(executeNodes):185] self.nodes: [<node.Node object at 0x00000182C8757400>, <node.Node object at 0x00000182C888CA60>]
[2024-03-05 11:22:17.743][I][GUI.py(executeNodes):189] 노드 실행중
[2024-03-05 11:22:17.743][D][GUI.py(executeNodes):192] sorted_nodes: [<node.Node object at 0x00000182C8757400>, <node.Node object at 0x00000182C888CA60>]
[2024-03-05 11:22:17.743][I][GUI.py(executeNodes):204] Node Click Node 1: delay = 3.0, x = 100.0, y = 100.0
[2024-03-05 11:22:20.957][I][GUI.py(executeNodes):207] Executing Click node: Click Node 1
[2024-03-05 11:22:20.957][I][GUI.py(executeNodes):204] Node Click Node 2: delay = 3.0, x = 200.0, y = 200.0
