[2024-03-05 09:57:29.129][D][Logger.py(Init):19] Logger Init function called !!!
[2024-03-05 09:57:29.129][D][Logger.py(clean_up_logs):91] clean_up_logs
[2024-03-05 09:57:29.129][D][Logger.py(<module>):100] d:\Python\SkillUp\BlockCoding_UI\Logger\Logger.py
[2024-03-05 09:57:33.180][I][node.py(Node_handleCoordinates):120] Received coordinates: (100.0, 10.0, delay: 3.0)
[2024-03-05 09:57:33.180][I][node.py(Node_handleCoordinates):128] Received coordinates: (100.0, 10.0, delay: 3.0)
[2024-03-05 09:57:35.501][I][GUI.py(executeNodes):178] Node 0: delay = 3.0, x = 100.0, y = 10.0
[2024-03-05 09:57:35.501][I][GUI.py(executeNodes):185] <node.Node object at 0x00000169FF2CC1F0>
[2024-03-05 09:57:38.716][I][GUI.py(executeNodes):192] Running nodes with coordinates: (100.0, 10.0, delay: 3.0)
[2024-03-05 09:57:38.727][I][GUI.py(executeNodes):193] Executing Click node: Click Node 1
[2024-03-05 09:57:44.508][I][node.py(Node_handleCoordinates):120] Received coordinates: (100.0, 100.0, delay: 3.0)
[2024-03-05 09:57:44.508][I][node.py(Node_handleCoordinates):128] Received coordinates: (100.0, 100.0, delay: 3.0)
[2024-03-05 09:57:46.313][I][GUI.py(executeNodes):178] Node 0: delay = 3.0, x = 100.0, y = 100.0
[2024-03-05 09:57:46.313][I][GUI.py(executeNodes):185] <node.Node object at 0x00000169FF2CC1F0>
[2024-03-05 09:57:49.518][I][GUI.py(executeNodes):192] Running nodes with coordinates: (100.0, 100.0, delay: 3.0)
[2024-03-05 09:57:49.518][I][GUI.py(executeNodes):193] Executing Click node: Click Node 1
[2024-03-05 09:57:53.515][I][node.py(Node_handleCoordinates):120] Received coordinates: (200.0, 200.0, delay: 3.0)
[2024-03-05 09:57:53.515][I][node.py(Node_handleCoordinates):128] Received coordinates: (200.0, 200.0, delay: 3.0)
[2024-03-05 09:57:54.655][I][GUI.py(executeNodes):178] Node 0: delay = 3.0, x = 100.0, y = 100.0
[2024-03-05 09:57:54.656][I][GUI.py(executeNodes):185] <node.Node object at 0x00000169FF2CC1F0>
[2024-03-05 09:57:57.868][I][GUI.py(executeNodes):192] Running nodes with coordinates: (100.0, 100.0, delay: 3.0)
[2024-03-05 09:57:57.869][I][GUI.py(executeNodes):193] Executing Click node: Click Node 1
[2024-03-05 09:57:57.870][I][GUI.py(executeNodes):185] <node.Node object at 0x00000169FF2CC550>
[2024-03-05 09:58:01.074][I][GUI.py(executeNodes):192] Running nodes with coordinates: (100.0, 100.0, delay: 3.0)
[2024-03-05 09:58:01.075][I][GUI.py(executeNodes):193] Executing Click node: Click Node 2
[2024-03-05 09:58:01.075][I][GUI.py(executeNodes):178] Node 1: delay = 3.0, x = 200.0, y = 200.0
[2024-03-05 09:58:01.076][I][GUI.py(executeNodes):185] <node.Node object at 0x00000169FF2CC1F0>
[2024-03-05 09:58:04.279][I][GUI.py(executeNodes):192] Running nodes with coordinates: (200.0, 200.0, delay: 3.0)
[2024-03-05 09:58:04.280][I][GUI.py(executeNodes):193] Executing Click node: Click Node 1
[2024-03-05 09:58:04.281][I][GUI.py(executeNodes):185] <node.Node object at 0x00000169FF2CC550>
[2024-03-05 09:58:07.504][I][GUI.py(executeNodes):192] Running nodes with coordinates: (200.0, 200.0, delay: 3.0)
[2024-03-05 09:58:07.504][I][GUI.py(executeNodes):193] Executing Click node: Click Node 2
